d:\code\graphics\ex1.camera\camera1\x64\release\camera1.ipdb
d:\code\graphics\ex1.camera\camera1\x64\release\camera1.iobj
d:\code\graphics\ex1.camera\camera1\camera1\x64\release\vc141.pdb
d:\code\graphics\ex1.camera\camera1\camera1\x64\release\frame.obj
d:\code\graphics\ex1.camera\camera1\camera1\x64\release\shot.obj
d:\code\graphics\ex1.camera\camera1\camera1\x64\release\color.obj
d:\code\graphics\ex1.camera\camera1\camera1\x64\release\main.obj
d:\code\graphics\ex1.camera\camera1\x64\release\camera1.exe
d:\code\graphics\ex1.camera\camera1\x64\release\camera1.pdb
d:\code\graphics\工具\myflow\camera1\x64\release\color.obj
d:\code\graphics\工具\myflow\camera1\x64\release\frame.obj
d:\code\graphics\工具\myflow\camera1\x64\release\main.obj
d:\code\graphics\工具\myflow\camera1\x64\release\shot.obj
d:\code\graphics\工具\myflow\camera1\x64\release\vc141.pdb
d:\code\graphics\工具\myflow\x64\release\camera1.pdb
d:\code\graphics\工具\myflow\x64\release\camera1.exe
d:\code\graphics\工具\myflow\camera1\x64\release\camera1.tlog\camera1.write.1u.tlog
d:\code\graphics\工具\myflow\camera1\x64\release\camera1.tlog\cl.command.1.tlog
d:\code\graphics\工具\myflow\camera1\x64\release\camera1.tlog\cl.read.1.tlog
d:\code\graphics\工具\myflow\camera1\x64\release\camera1.tlog\cl.write.1.tlog
d:\code\graphics\工具\myflow\camera1\x64\release\camera1.tlog\link.command.1.tlog
d:\code\graphics\工具\myflow\camera1\x64\release\camera1.tlog\link.read.1.tlog
d:\code\graphics\工具\myflow\camera1\x64\release\camera1.tlog\link.write.1.tlog
